<?xml version="1.0" encoding="UTF-8"?>
<!-- Generated by org.testng.reporters.JUnitReportReporter -->
<testsuite skipped="0" hostname="edu13-PC" name="Gmail.Compose.GmailTest" tests="1" failures="0" timestamp="13 Jul 2018 10:44:58 GMT" time="58.469" errors="0">
  <testcase name="Gmail" time="58.469" classname="Gmail.Compose.GmailTest"/>
</testsuite> <!-- Gmail.Compose.GmailTest -->
