<?xml version="1.0" encoding="UTF-8"?>
<!-- Generated by org.testng.reporters.JUnitReportReporter -->
<testsuite skipped="0" hostname="edu13-PC" name="Gmail.Compose.LoggerTest" tests="1" failures="0" timestamp="14 Jul 2018 10:26:53 GMT" time="40.103" errors="0">
  <testcase name="Logger" time="40.103" classname="Gmail.Compose.LoggerTest"/>
</testsuite> <!-- Gmail.Compose.LoggerTest -->
